<?xml version="1.0" encoding="UTF-8"?>
<testsuite xmlns:xsi="http://www.w3.org/2001/XMLSchema-instance" xsi:noNamespaceSchemaLocation="https://maven.apache.org/surefire/maven-surefire-plugin/xsd/surefire-test-report-3.0.xsd" version="3.0" name="com.digio.backend.BackendApplicationTests" time="1.84" tests="1" errors="0" skipped="0" failures="0">
  <properties>
[...]
</properties>
  <testcase name="contextLoads" classname="com.digio.backend.BackendApplicationTests" time="0.392">
    <system-out><![CDATA[Standard Commons Logging discovery in action with spring-jcl: please remove commons-logging.jar from classpath in order to avoid potential conflicts
15:47:46.568 [main] INFO org.springframework.test.context.support.AnnotationConfigContextLoaderUtils -- Could not detect default configuration classes for test class [com.digio.backend.BackendApplicationTests]: BackendApplicationTests does not declare any static, non-private, non-final, nested classes annotated with @Configuration.
15:47:46.642 [main] INFO org.springframework.boot.test.context.SpringBootTestContextBootstrapper -- Found @SpringBootConfiguration com.digio.backend.BackendApplication for test class com.digio.backend.BackendApplicationTests

  .   ____          _            __ _ _
 /\\ / ___'_ __ _ _(_)_ __  __ _ \ \ \ \
( ( )\___ | '_ | '_| | '_ \/ _` | \ \ \ \
 \\/  ___)| |_)| | | | | || (_| |  ) ) ) )
  '  |____| .__|_| |_|_| |_\__, | / / / /
 =========|_|==============|___/=/_/_/_/

 :: Spring Boot ::                (v3.4.1)

2025-01-22T15:47:46.951+07:00  INFO 20368 --- [backend] [           main] c.digio.backend.BackendApplicationTests  : Starting BackendApplicationTests using Java 17.0.9 with PID 20368 (started by User in D:\Project\ProjectExcel)
2025-01-22T15:47:46.953+07:00  INFO 20368 --- [backend] [           main] c.digio.backend.BackendApplicationTests  : No active profile set, falling back to 1 default profile: "default"
2025-01-22T15:47:47.887+07:00  INFO 20368 --- [backend] [           main] c.digio.backend.BackendApplicationTests  : Started BackendApplicationTests in 1.133 seconds (process running for 1.85)
]]></system-out>
  </testcase>
</testsuite>